2018-08-01 11:17:35,132 gensim.corpora.dictionary INFO adding document #0 to Dictionary(0 unique tokens: [])
2018-08-01 11:17:35,132 gensim.corpora.dictionary INFO built Dictionary(4 unique tokens: ['http', 'oid', 'size', 'version']) from 1 documents (total 4 corpus positions)
2018-08-01 11:17:35,132 gensim.models.ldamodel INFO using symmetric alpha at 0.1
2018-08-01 11:17:35,132 gensim.models.ldamodel INFO using symmetric eta at 0.1
2018-08-01 11:17:35,132 gensim.models.ldamodel INFO using serial LDA version on this node
2018-08-01 11:17:35,132 gensim.models.ldamodel INFO running online (single-pass) LDA training, 10 topics, 1 passes over the supplied corpus of 1 documents, updating model once every 1 documents, evaluating perplexity every 1 documents, iterating 50x with a convergence threshold of 0.001000
2018-08-01 11:17:35,132 gensim.models.ldamodel WARNING too few updates, training might not converge; consider increasing the number of passes or iterations to improve accuracy
2018-08-01 11:17:35,132 gensim.models.ldamodel DEBUG bound: at document #0
2018-08-01 11:17:35,132 gensim.models.ldamodel INFO -11.517 per-word bound, 2931.4 perplexity estimate based on a held-out corpus of 1 documents with 4 words
2018-08-01 11:17:35,132 gensim.models.ldamodel INFO PROGRESS: pass 0, at document #1/1
2018-08-01 11:17:35,132 gensim.models.ldamodel DEBUG updating topics
2018-08-01 11:17:35,132 gensim.models.ldamodel INFO topic #4 (0.100): 0.250*"version" + 0.250*"http" + 0.250*"oid" + 0.250*"size"
2018-08-01 11:17:35,132 gensim.models.ldamodel INFO topic #6 (0.100): 0.250*"version" + 0.250*"http" + 0.250*"size" + 0.250*"oid"
2018-08-01 11:17:35,132 gensim.models.ldamodel INFO topic #1 (0.100): 0.250*"oid" + 0.250*"size" + 0.250*"http" + 0.250*"version"
2018-08-01 11:17:35,132 gensim.models.ldamodel INFO topic #8 (0.100): 0.250*"http" + 0.250*"oid" + 0.250*"version" + 0.250*"size"
2018-08-01 11:17:35,132 gensim.models.ldamodel INFO topic #3 (0.100): 0.250*"size" + 0.250*"version" + 0.250*"oid" + 0.250*"http"
2018-08-01 11:17:35,132 gensim.models.ldamodel INFO topic diff=5.413516, rho=1.000000
2018-08-01 11:17:35,132 gensim.models.ldamodel INFO running online (single-pass) LDA training, 10 topics, 1 passes over the supplied corpus of 1 documents, updating model once every 1 documents, evaluating perplexity every 1 documents, iterating 50x with a convergence threshold of 0.001000
2018-08-01 11:17:35,132 gensim.models.ldamodel WARNING too few updates, training might not converge; consider increasing the number of passes or iterations to improve accuracy
2018-08-01 11:17:35,132 gensim.models.ldamodel DEBUG bound: at document #0
2018-08-01 11:17:35,132 gensim.models.ldamodel INFO -3.560 per-word bound, 11.8 perplexity estimate based on a held-out corpus of 1 documents with 4 words
2018-08-01 11:17:35,132 gensim.models.ldamodel INFO PROGRESS: pass 0, at document #1/1
2018-08-01 11:17:35,132 gensim.models.ldamodel DEBUG updating topics
2018-08-01 11:17:35,132 gensim.models.ldamodel INFO merging changes from 1 documents into a model of 2 documents
2018-08-01 11:17:35,132 gensim.models.ldamodel INFO topic #5 (0.100): 0.250*"version" + 0.250*"size" + 0.250*"http" + 0.250*"oid"
2018-08-01 11:17:35,132 gensim.models.ldamodel INFO topic #4 (0.100): 0.250*"version" + 0.250*"http" + 0.250*"oid" + 0.250*"size"
2018-08-01 11:17:35,132 gensim.models.ldamodel INFO topic #1 (0.100): 0.250*"oid" + 0.250*"size" + 0.250*"http" + 0.250*"version"
2018-08-01 11:17:35,132 gensim.models.ldamodel INFO topic #9 (0.100): 0.250*"version" + 0.250*"http" + 0.250*"oid" + 0.250*"size"
2018-08-01 11:17:35,132 gensim.models.ldamodel INFO topic #3 (0.100): 0.250*"size" + 0.250*"version" + 0.250*"oid" + 0.250*"http"
2018-08-01 11:17:35,132 gensim.models.ldamodel INFO topic diff=0.017419, rho=0.707107
2018-08-01 11:17:35,132 gensim.utils INFO saving LdaState object under C:\Users\597543\scitext-explorer\LDA_model.state, separately None
2018-08-01 11:17:35,132 smart_open.smart_open_lib DEBUG {'kw': {}, 'mode': 'wb', 'uri': 'C:\\Users\\597543\\scitext-explorer\\LDA_model.state'}
2018-08-01 11:17:35,132 smart_open.smart_open_lib DEBUG encoding_wrapper: {'errors': 'strict', 'encoding': None, 'mode': 'wb', 'fileobj': <_io.BufferedWriter name='C:\\Users\\597543\\scitext-explorer\\LDA_model.state'>}
2018-08-01 11:17:35,132 gensim.utils INFO saved C:\Users\597543\scitext-explorer\LDA_model.state
2018-08-01 11:17:35,148 smart_open.smart_open_lib DEBUG {'kw': {}, 'mode': 'wb', 'uri': 'C:\\Users\\597543\\scitext-explorer\\LDA_model.id2word'}
2018-08-01 11:17:35,148 smart_open.smart_open_lib DEBUG encoding_wrapper: {'errors': 'strict', 'encoding': None, 'mode': 'wb', 'fileobj': <_io.BufferedWriter name='C:\\Users\\597543\\scitext-explorer\\LDA_model.id2word'>}
2018-08-01 11:17:35,148 gensim.utils INFO saving LdaModel object under C:\Users\597543\scitext-explorer\LDA_model, separately ['expElogbeta', 'sstats']
2018-08-01 11:17:35,148 gensim.utils INFO storing np array 'expElogbeta' to C:\Users\597543\scitext-explorer\LDA_model.expElogbeta.npy
2018-08-01 11:17:35,148 gensim.utils INFO not storing attribute id2word
2018-08-01 11:17:35,148 gensim.utils INFO not storing attribute dispatcher
2018-08-01 11:17:35,148 gensim.utils INFO not storing attribute state
2018-08-01 11:17:35,148 smart_open.smart_open_lib DEBUG {'kw': {}, 'mode': 'wb', 'uri': 'C:\\Users\\597543\\scitext-explorer\\LDA_model'}
2018-08-01 11:17:35,148 smart_open.smart_open_lib DEBUG encoding_wrapper: {'errors': 'strict', 'encoding': None, 'mode': 'wb', 'fileobj': <_io.BufferedWriter name='C:\\Users\\597543\\scitext-explorer\\LDA_model'>}
2018-08-01 11:17:35,148 gensim.utils INFO saved C:\Users\597543\scitext-explorer\LDA_model
2018-08-01 11:18:08,380 gensim.utils INFO loading LdaModel object from C:\Users\597543\scitext-explorer\LDA_model
2018-08-01 11:18:08,380 smart_open.smart_open_lib DEBUG {'kw': {}, 'mode': 'rb', 'uri': 'C:\\Users\\597543\\scitext-explorer\\LDA_model'}
2018-08-01 11:18:08,380 smart_open.smart_open_lib DEBUG encoding_wrapper: {'errors': 'strict', 'encoding': None, 'mode': 'rb', 'fileobj': <_io.BufferedReader name='C:\\Users\\597543\\scitext-explorer\\LDA_model'>}
2018-08-01 11:18:08,380 gensim.utils INFO loading expElogbeta from C:\Users\597543\scitext-explorer\LDA_model.expElogbeta.npy with mmap=None
2018-08-01 11:18:08,380 gensim.utils INFO setting ignored attribute id2word to None
2018-08-01 11:18:08,380 gensim.utils INFO setting ignored attribute dispatcher to None
2018-08-01 11:18:08,380 gensim.utils INFO setting ignored attribute state to None
2018-08-01 11:18:08,380 gensim.utils INFO loaded C:\Users\597543\scitext-explorer\LDA_model
2018-08-01 11:18:08,380 gensim.utils INFO loading LdaState object from C:\Users\597543\scitext-explorer\LDA_model.state
2018-08-01 11:18:08,380 smart_open.smart_open_lib DEBUG {'kw': {}, 'mode': 'rb', 'uri': 'C:\\Users\\597543\\scitext-explorer\\LDA_model.state'}
2018-08-01 11:18:08,380 smart_open.smart_open_lib DEBUG encoding_wrapper: {'errors': 'strict', 'encoding': None, 'mode': 'rb', 'fileobj': <_io.BufferedReader name='C:\\Users\\597543\\scitext-explorer\\LDA_model.state'>}
2018-08-01 11:18:08,380 gensim.utils INFO loaded C:\Users\597543\scitext-explorer\LDA_model.state
2018-08-01 11:18:08,380 smart_open.smart_open_lib DEBUG {'kw': {}, 'mode': 'rb', 'uri': 'C:\\Users\\597543\\scitext-explorer\\LDA_model.id2word'}
2018-08-01 11:18:08,380 smart_open.smart_open_lib DEBUG encoding_wrapper: {'errors': 'strict', 'encoding': None, 'mode': 'rb', 'fileobj': <_io.BufferedReader name='C:\\Users\\597543\\scitext-explorer\\LDA_model.id2word'>}
2018-08-01 11:18:08,380 gensim.corpora.dictionary INFO adding document #0 to Dictionary(0 unique tokens: [])
2018-08-01 11:18:08,380 gensim.corpora.dictionary INFO built Dictionary(4 unique tokens: ['http', 'oid', 'size', 'version']) from 2 documents (total 8 corpus positions)
2018-08-01 11:18:08,380 gensim.models.ldamodel INFO running online (single-pass) LDA training, 10 topics, 1 passes over the supplied corpus of 2 documents, updating model once every 2 documents, evaluating perplexity every 2 documents, iterating 50x with a convergence threshold of 0.001000
2018-08-01 11:18:08,380 gensim.models.ldamodel WARNING too few updates, training might not converge; consider increasing the number of passes or iterations to improve accuracy
2018-08-01 11:18:08,380 gensim.models.ldamodel DEBUG bound: at document #0
2018-08-01 11:18:08,380 gensim.models.ldamodel INFO -3.052 per-word bound, 8.3 perplexity estimate based on a held-out corpus of 2 documents with 8 words
2018-08-01 11:18:08,380 gensim.models.ldamodel INFO PROGRESS: pass 0, at document #2/2
2018-08-01 11:18:08,380 gensim.models.ldamodel DEBUG performing inference on a chunk of 2 documents
2018-08-01 11:18:08,380 gensim.models.ldamodel DEBUG 2/2 documents converged within 50 iterations
2018-08-01 11:18:08,380 gensim.models.ldamodel DEBUG updating topics
2018-08-01 11:18:08,380 gensim.models.ldamodel INFO merging changes from 2 documents into a model of 4 documents
2018-08-01 11:18:08,380 gensim.models.ldamodel INFO topic #5 (0.100): 0.250*"version" + 0.250*"size" + 0.250*"http" + 0.250*"oid"
2018-08-01 11:18:08,380 gensim.models.ldamodel INFO topic #1 (0.100): 0.250*"oid" + 0.250*"http" + 0.250*"size" + 0.250*"version"
2018-08-01 11:18:08,380 gensim.models.ldamodel INFO topic #9 (0.100): 0.250*"version" + 0.250*"http" + 0.250*"oid" + 0.250*"size"
2018-08-01 11:18:08,380 gensim.models.ldamodel INFO topic #6 (0.100): 0.250*"version" + 0.250*"http" + 0.250*"size" + 0.250*"oid"
2018-08-01 11:18:08,380 gensim.models.ldamodel INFO topic #3 (0.100): 0.250*"size" + 0.250*"version" + 0.250*"http" + 0.250*"oid"
2018-08-01 11:18:08,380 gensim.models.ldamodel INFO topic diff=0.011587, rho=0.707107
2018-08-01 11:18:08,380 gensim.utils INFO saving LdaState object under C:\Users\597543\scitext-explorer\LDA_model.state, separately None
2018-08-01 11:18:08,380 smart_open.smart_open_lib DEBUG {'kw': {}, 'mode': 'wb', 'uri': 'C:\\Users\\597543\\scitext-explorer\\LDA_model.state'}
2018-08-01 11:18:08,380 smart_open.smart_open_lib DEBUG encoding_wrapper: {'errors': 'strict', 'encoding': None, 'mode': 'wb', 'fileobj': <_io.BufferedWriter name='C:\\Users\\597543\\scitext-explorer\\LDA_model.state'>}
2018-08-01 11:18:08,380 gensim.utils INFO saved C:\Users\597543\scitext-explorer\LDA_model.state
2018-08-01 11:18:08,380 smart_open.smart_open_lib DEBUG {'kw': {}, 'mode': 'wb', 'uri': 'C:\\Users\\597543\\scitext-explorer\\LDA_model.id2word'}
2018-08-01 11:18:08,380 smart_open.smart_open_lib DEBUG encoding_wrapper: {'errors': 'strict', 'encoding': None, 'mode': 'wb', 'fileobj': <_io.BufferedWriter name='C:\\Users\\597543\\scitext-explorer\\LDA_model.id2word'>}
2018-08-01 11:18:08,380 gensim.utils INFO saving LdaModel object under C:\Users\597543\scitext-explorer\LDA_model, separately ['expElogbeta', 'sstats']
2018-08-01 11:18:08,380 gensim.utils INFO storing np array 'expElogbeta' to C:\Users\597543\scitext-explorer\LDA_model.expElogbeta.npy
2018-08-01 11:18:08,395 gensim.utils INFO not storing attribute id2word
2018-08-01 11:18:08,395 gensim.utils INFO not storing attribute dispatcher
2018-08-01 11:18:08,395 gensim.utils INFO not storing attribute state
2018-08-01 11:18:08,395 smart_open.smart_open_lib DEBUG {'kw': {}, 'mode': 'wb', 'uri': 'C:\\Users\\597543\\scitext-explorer\\LDA_model'}
2018-08-01 11:18:08,395 smart_open.smart_open_lib DEBUG encoding_wrapper: {'errors': 'strict', 'encoding': None, 'mode': 'wb', 'fileobj': <_io.BufferedWriter name='C:\\Users\\597543\\scitext-explorer\\LDA_model'>}
2018-08-01 11:18:08,395 gensim.utils INFO saved C:\Users\597543\scitext-explorer\LDA_model
2018-08-01 11:24:44,529 gensim.utils INFO loading LdaModel object from C:\Users\597543\scitext-explorer\LDA_model
2018-08-01 11:24:44,529 smart_open.smart_open_lib DEBUG {'kw': {}, 'mode': 'rb', 'uri': 'C:\\Users\\597543\\scitext-explorer\\LDA_model'}
2018-08-01 11:24:44,529 smart_open.smart_open_lib DEBUG encoding_wrapper: {'errors': 'strict', 'encoding': None, 'mode': 'rb', 'fileobj': <_io.BufferedReader name='C:\\Users\\597543\\scitext-explorer\\LDA_model'>}
2018-08-01 11:24:44,529 gensim.utils INFO loading expElogbeta from C:\Users\597543\scitext-explorer\LDA_model.expElogbeta.npy with mmap=None
2018-08-01 11:24:44,529 gensim.utils INFO setting ignored attribute id2word to None
2018-08-01 11:24:44,529 gensim.utils INFO setting ignored attribute dispatcher to None
2018-08-01 11:24:44,529 gensim.utils INFO setting ignored attribute state to None
2018-08-01 11:24:44,529 gensim.utils INFO loaded C:\Users\597543\scitext-explorer\LDA_model
2018-08-01 11:24:44,529 gensim.utils INFO loading LdaState object from C:\Users\597543\scitext-explorer\LDA_model.state
2018-08-01 11:24:44,529 smart_open.smart_open_lib DEBUG {'kw': {}, 'mode': 'rb', 'uri': 'C:\\Users\\597543\\scitext-explorer\\LDA_model.state'}
2018-08-01 11:24:44,529 smart_open.smart_open_lib DEBUG encoding_wrapper: {'errors': 'strict', 'encoding': None, 'mode': 'rb', 'fileobj': <_io.BufferedReader name='C:\\Users\\597543\\scitext-explorer\\LDA_model.state'>}
2018-08-01 11:24:44,529 gensim.utils INFO loaded C:\Users\597543\scitext-explorer\LDA_model.state
2018-08-01 11:24:44,529 smart_open.smart_open_lib DEBUG {'kw': {}, 'mode': 'rb', 'uri': 'C:\\Users\\597543\\scitext-explorer\\LDA_model.id2word'}
2018-08-01 11:24:44,529 smart_open.smart_open_lib DEBUG encoding_wrapper: {'errors': 'strict', 'encoding': None, 'mode': 'rb', 'fileobj': <_io.BufferedReader name='C:\\Users\\597543\\scitext-explorer\\LDA_model.id2word'>}
2018-08-01 11:24:44,529 gensim.corpora.dictionary INFO adding document #0 to Dictionary(0 unique tokens: [])
2018-08-01 11:24:44,529 gensim.corpora.dictionary INFO built Dictionary(4 unique tokens: ['http', 'oid', 'size', 'version']) from 2 documents (total 8 corpus positions)
2018-08-01 11:24:44,529 gensim.models.ldamodel INFO running online (single-pass) LDA training, 10 topics, 1 passes over the supplied corpus of 2 documents, updating model once every 2 documents, evaluating perplexity every 2 documents, iterating 50x with a convergence threshold of 0.001000
2018-08-01 11:24:44,529 gensim.models.ldamodel WARNING too few updates, training might not converge; consider increasing the number of passes or iterations to improve accuracy
2018-08-01 11:24:44,529 gensim.models.ldamodel DEBUG bound: at document #0
2018-08-01 11:24:44,529 gensim.models.ldamodel INFO -3.072 per-word bound, 8.4 perplexity estimate based on a held-out corpus of 2 documents with 8 words
2018-08-01 11:24:44,529 gensim.models.ldamodel INFO PROGRESS: pass 0, at document #2/2
2018-08-01 11:24:44,529 gensim.models.ldamodel DEBUG performing inference on a chunk of 2 documents
2018-08-01 11:24:44,529 gensim.models.ldamodel DEBUG 2/2 documents converged within 50 iterations
2018-08-01 11:24:44,529 gensim.models.ldamodel DEBUG updating topics
2018-08-01 11:24:44,529 gensim.models.ldamodel INFO merging changes from 2 documents into a model of 6 documents
2018-08-01 11:24:44,529 gensim.models.ldamodel INFO topic #9 (0.100): 0.250*"http" + 0.250*"version" + 0.250*"oid" + 0.250*"size"
2018-08-01 11:24:44,529 gensim.models.ldamodel INFO topic #3 (0.100): 0.250*"size" + 0.250*"version" + 0.250*"http" + 0.250*"oid"
2018-08-01 11:24:44,529 gensim.models.ldamodel INFO topic #7 (0.100): 0.250*"http" + 0.250*"version" + 0.250*"size" + 0.250*"oid"
2018-08-01 11:24:44,529 gensim.models.ldamodel INFO topic #2 (0.100): 0.250*"version" + 0.250*"http" + 0.250*"size" + 0.250*"oid"
2018-08-01 11:24:44,529 gensim.models.ldamodel INFO topic #5 (0.100): 0.250*"version" + 0.250*"size" + 0.250*"http" + 0.250*"oid"
2018-08-01 11:24:44,529 gensim.models.ldamodel INFO topic diff=0.003764, rho=0.577350
2018-08-01 11:24:44,529 gensim.utils INFO saving LdaState object under C:\Users\597543\scitext-explorer\LDA_model.state, separately None
2018-08-01 11:24:44,529 smart_open.smart_open_lib DEBUG {'kw': {}, 'mode': 'wb', 'uri': 'C:\\Users\\597543\\scitext-explorer\\LDA_model.state'}
2018-08-01 11:24:44,545 smart_open.smart_open_lib DEBUG encoding_wrapper: {'errors': 'strict', 'encoding': None, 'mode': 'wb', 'fileobj': <_io.BufferedWriter name='C:\\Users\\597543\\scitext-explorer\\LDA_model.state'>}
2018-08-01 11:24:44,545 gensim.utils INFO saved C:\Users\597543\scitext-explorer\LDA_model.state
2018-08-01 11:24:44,545 smart_open.smart_open_lib DEBUG {'kw': {}, 'mode': 'wb', 'uri': 'C:\\Users\\597543\\scitext-explorer\\LDA_model.id2word'}
2018-08-01 11:24:44,545 smart_open.smart_open_lib DEBUG encoding_wrapper: {'errors': 'strict', 'encoding': None, 'mode': 'wb', 'fileobj': <_io.BufferedWriter name='C:\\Users\\597543\\scitext-explorer\\LDA_model.id2word'>}
2018-08-01 11:24:44,545 gensim.utils INFO saving LdaModel object under C:\Users\597543\scitext-explorer\LDA_model, separately ['expElogbeta', 'sstats']
2018-08-01 11:24:44,545 gensim.utils INFO storing np array 'expElogbeta' to C:\Users\597543\scitext-explorer\LDA_model.expElogbeta.npy
2018-08-01 11:24:44,545 gensim.utils INFO not storing attribute id2word
2018-08-01 11:24:44,545 gensim.utils INFO not storing attribute dispatcher
2018-08-01 11:24:44,545 gensim.utils INFO not storing attribute state
2018-08-01 11:24:44,545 smart_open.smart_open_lib DEBUG {'kw': {}, 'mode': 'wb', 'uri': 'C:\\Users\\597543\\scitext-explorer\\LDA_model'}
2018-08-01 11:24:44,545 smart_open.smart_open_lib DEBUG encoding_wrapper: {'errors': 'strict', 'encoding': None, 'mode': 'wb', 'fileobj': <_io.BufferedWriter name='C:\\Users\\597543\\scitext-explorer\\LDA_model'>}
2018-08-01 11:24:44,545 gensim.utils INFO saved C:\Users\597543\scitext-explorer\LDA_model
2018-08-01 11:25:18,730 gensim.utils INFO loading LdaModel object from C:\Users\597543\scitext-explorer\LDA_model
2018-08-01 11:25:18,730 smart_open.smart_open_lib DEBUG {'kw': {}, 'mode': 'rb', 'uri': 'C:\\Users\\597543\\scitext-explorer\\LDA_model'}
2018-08-01 11:25:18,730 smart_open.smart_open_lib DEBUG encoding_wrapper: {'errors': 'strict', 'encoding': None, 'mode': 'rb', 'fileobj': <_io.BufferedReader name='C:\\Users\\597543\\scitext-explorer\\LDA_model'>}
2018-08-01 11:25:18,730 gensim.utils INFO loading expElogbeta from C:\Users\597543\scitext-explorer\LDA_model.expElogbeta.npy with mmap=None
2018-08-01 11:25:18,730 gensim.utils INFO setting ignored attribute id2word to None
2018-08-01 11:25:18,730 gensim.utils INFO setting ignored attribute dispatcher to None
2018-08-01 11:25:18,730 gensim.utils INFO setting ignored attribute state to None
2018-08-01 11:25:18,730 gensim.utils INFO loaded C:\Users\597543\scitext-explorer\LDA_model
2018-08-01 11:25:18,730 gensim.utils INFO loading LdaState object from C:\Users\597543\scitext-explorer\LDA_model.state
2018-08-01 11:25:18,730 smart_open.smart_open_lib DEBUG {'kw': {}, 'mode': 'rb', 'uri': 'C:\\Users\\597543\\scitext-explorer\\LDA_model.state'}
2018-08-01 11:25:18,730 smart_open.smart_open_lib DEBUG encoding_wrapper: {'errors': 'strict', 'encoding': None, 'mode': 'rb', 'fileobj': <_io.BufferedReader name='C:\\Users\\597543\\scitext-explorer\\LDA_model.state'>}
2018-08-01 11:25:18,730 gensim.utils INFO loaded C:\Users\597543\scitext-explorer\LDA_model.state
2018-08-01 11:25:18,730 smart_open.smart_open_lib DEBUG {'kw': {}, 'mode': 'rb', 'uri': 'C:\\Users\\597543\\scitext-explorer\\LDA_model.id2word'}
2018-08-01 11:25:18,730 smart_open.smart_open_lib DEBUG encoding_wrapper: {'errors': 'strict', 'encoding': None, 'mode': 'rb', 'fileobj': <_io.BufferedReader name='C:\\Users\\597543\\scitext-explorer\\LDA_model.id2word'>}
2018-08-01 11:25:18,730 gensim.corpora.dictionary INFO adding document #0 to Dictionary(0 unique tokens: [])
2018-08-01 11:25:18,730 gensim.corpora.dictionary INFO built Dictionary(4 unique tokens: ['http', 'oid', 'size', 'version']) from 2 documents (total 8 corpus positions)
2018-08-01 11:25:18,730 gensim.models.ldamodel INFO running online (single-pass) LDA training, 10 topics, 1 passes over the supplied corpus of 2 documents, updating model once every 2 documents, evaluating perplexity every 2 documents, iterating 50x with a convergence threshold of 0.001000
2018-08-01 11:25:18,730 gensim.models.ldamodel WARNING too few updates, training might not converge; consider increasing the number of passes or iterations to improve accuracy
2018-08-01 11:25:18,730 gensim.models.ldamodel DEBUG bound: at document #0
2018-08-01 11:25:18,730 gensim.models.ldamodel INFO -3.109 per-word bound, 8.6 perplexity estimate based on a held-out corpus of 2 documents with 8 words
2018-08-01 11:25:18,730 gensim.models.ldamodel INFO PROGRESS: pass 0, at document #2/2
2018-08-01 11:25:18,730 gensim.models.ldamodel DEBUG performing inference on a chunk of 2 documents
2018-08-01 11:25:18,730 gensim.models.ldamodel DEBUG 2/2 documents converged within 50 iterations
2018-08-01 11:25:18,730 gensim.models.ldamodel DEBUG updating topics
2018-08-01 11:25:18,730 gensim.models.ldamodel INFO merging changes from 2 documents into a model of 8 documents
2018-08-01 11:25:18,730 gensim.models.ldamodel INFO topic #2 (0.100): 0.250*"version" + 0.250*"http" + 0.250*"size" + 0.250*"oid"
2018-08-01 11:25:18,730 gensim.models.ldamodel INFO topic #8 (0.100): 0.250*"http" + 0.250*"oid" + 0.250*"version" + 0.250*"size"
2018-08-01 11:25:18,730 gensim.models.ldamodel INFO topic #3 (0.100): 0.250*"size" + 0.250*"version" + 0.250*"http" + 0.250*"oid"
2018-08-01 11:25:18,730 gensim.models.ldamodel INFO topic #0 (0.100): 0.250*"version" + 0.250*"http" + 0.250*"oid" + 0.250*"size"
2018-08-01 11:25:18,730 gensim.models.ldamodel INFO topic #9 (0.100): 0.250*"version" + 0.250*"http" + 0.250*"oid" + 0.250*"size"
2018-08-01 11:25:18,730 gensim.models.ldamodel INFO topic diff=0.001947, rho=0.500000
2018-08-01 11:25:18,730 gensim.utils INFO saving LdaState object under C:\Users\597543\scitext-explorer\LDA_model.state, separately None
2018-08-01 11:25:18,730 smart_open.smart_open_lib DEBUG {'kw': {}, 'mode': 'wb', 'uri': 'C:\\Users\\597543\\scitext-explorer\\LDA_model.state'}
2018-08-01 11:25:18,730 smart_open.smart_open_lib DEBUG encoding_wrapper: {'errors': 'strict', 'encoding': None, 'mode': 'wb', 'fileobj': <_io.BufferedWriter name='C:\\Users\\597543\\scitext-explorer\\LDA_model.state'>}
2018-08-01 11:25:18,730 gensim.utils INFO saved C:\Users\597543\scitext-explorer\LDA_model.state
2018-08-01 11:25:18,730 smart_open.smart_open_lib DEBUG {'kw': {}, 'mode': 'wb', 'uri': 'C:\\Users\\597543\\scitext-explorer\\LDA_model.id2word'}
2018-08-01 11:25:18,730 smart_open.smart_open_lib DEBUG encoding_wrapper: {'errors': 'strict', 'encoding': None, 'mode': 'wb', 'fileobj': <_io.BufferedWriter name='C:\\Users\\597543\\scitext-explorer\\LDA_model.id2word'>}
2018-08-01 11:25:18,730 gensim.utils INFO saving LdaModel object under C:\Users\597543\scitext-explorer\LDA_model, separately ['expElogbeta', 'sstats']
2018-08-01 11:25:18,730 gensim.utils INFO storing np array 'expElogbeta' to C:\Users\597543\scitext-explorer\LDA_model.expElogbeta.npy
2018-08-01 11:25:18,746 gensim.utils INFO not storing attribute id2word
2018-08-01 11:25:18,746 gensim.utils INFO not storing attribute dispatcher
2018-08-01 11:25:18,746 gensim.utils INFO not storing attribute state
2018-08-01 11:25:18,746 smart_open.smart_open_lib DEBUG {'kw': {}, 'mode': 'wb', 'uri': 'C:\\Users\\597543\\scitext-explorer\\LDA_model'}
2018-08-01 11:25:18,746 smart_open.smart_open_lib DEBUG encoding_wrapper: {'errors': 'strict', 'encoding': None, 'mode': 'wb', 'fileobj': <_io.BufferedWriter name='C:\\Users\\597543\\scitext-explorer\\LDA_model'>}
2018-08-01 11:25:18,746 gensim.utils INFO saved C:\Users\597543\scitext-explorer\LDA_model
